[2.584s] DEBUG:colcon:Command line arguments: ['/usr/bin/colcon', 'build', '--packages-select', 'cpp_pubsub']
[2.584s] DEBUG:colcon:Parsed command line arguments: Namespace(log_base=None, log_level=None, verb_name='build', build_base='build', install_base='install', merge_install=False, symlink_install=False, test_result_base=None, continue_on_error=False, executor='parallel', parallel_workers=4, event_handlers=None, ignore_user_meta=False, metas=['./colcon.meta'], base_paths=['.'], packages_ignore=None, packages_ignore_regex=None, paths=None, packages_up_to=None, packages_up_to_regex=None, packages_above=None, packages_above_and_dependencies=None, packages_above_depth=None, packages_select_by_dep=None, packages_skip_by_dep=None, packages_skip_up_to=None, packages_select_build_failed=False, packages_skip_build_finished=False, packages_select_test_failures=False, packages_skip_test_passed=False, packages_select=['cpp_pubsub'], packages_skip=None, packages_select_regex=None, packages_skip_regex=None, packages_start=None, packages_end=None, allow_overriding=[], cmake_args=None, cmake_target=None, cmake_target_skip_unavailable=False, cmake_clean_cache=False, cmake_clean_first=False, cmake_force_configure=False, ament_cmake_args=None, catkin_cmake_args=None, catkin_skip_building_tests=False, verb_parser=<colcon_defaults.argument_parser.defaults.DefaultArgumentsDecorator object at 0xffff7fa05750>, verb_extension=<colcon_core.verb.build.BuildVerb object at 0xffff804439d0>, main=<bound method BuildVerb.main of <colcon_core.verb.build.BuildVerb object at 0xffff804439d0>>)
[2.717s] Level 1:colcon.colcon_core.package_discovery:discover_packages(colcon_meta) check parameters
[2.718s] Level 1:colcon.colcon_core.package_discovery:discover_packages(recursive) check parameters
[2.718s] Level 1:colcon.colcon_core.package_discovery:discover_packages(ignore) check parameters
[2.718s] Level 1:colcon.colcon_core.package_discovery:discover_packages(path) check parameters
[2.718s] Level 1:colcon.colcon_core.package_discovery:discover_packages(colcon_meta) discover
[2.718s] Level 1:colcon.colcon_core.package_discovery:discover_packages(recursive) discover
[2.718s] INFO:colcon.colcon_core.package_discovery:Crawling recursively for packages in '/home/robots16/ros2_ws'
[2.719s] Level 1:colcon.colcon_core.package_identification:_identify(.) by extensions ['ignore', 'ignore_ament_install']
[2.719s] Level 1:colcon.colcon_core.package_identification:_identify(.) by extension 'ignore'
[2.719s] Level 1:colcon.colcon_core.package_identification:_identify(.) by extension 'ignore_ament_install'
[2.720s] Level 1:colcon.colcon_core.package_identification:_identify(.) by extensions ['colcon_pkg']
[2.720s] Level 1:colcon.colcon_core.package_identification:_identify(.) by extension 'colcon_pkg'
[2.720s] Level 1:colcon.colcon_core.package_identification:_identify(.) by extensions ['colcon_meta']
[2.720s] Level 1:colcon.colcon_core.package_identification:_identify(.) by extension 'colcon_meta'
[2.720s] Level 1:colcon.colcon_core.package_identification:_identify(.) by extensions ['ros']
[2.720s] Level 1:colcon.colcon_core.package_identification:_identify(.) by extension 'ros'
[2.811s] Level 1:colcon.colcon_core.package_identification:_identify(.) by extensions ['cmake', 'python']
[2.811s] Level 1:colcon.colcon_core.package_identification:_identify(.) by extension 'cmake'
[2.811s] Level 1:colcon.colcon_core.package_identification:_identify(.) by extension 'python'
[2.812s] Level 1:colcon.colcon_core.package_identification:_identify(.) by extensions ['python_setup_py']
[2.812s] Level 1:colcon.colcon_core.package_identification:_identify(.) by extension 'python_setup_py'
[2.812s] Level 1:colcon.colcon_core.package_identification:_identify(build) by extensions ['ignore', 'ignore_ament_install']
[2.813s] Level 1:colcon.colcon_core.package_identification:_identify(build) by extension 'ignore'
[2.813s] Level 1:colcon.colcon_core.package_identification:_identify(build) ignored
[2.814s] Level 1:colcon.colcon_core.package_identification:_identify(install) by extensions ['ignore', 'ignore_ament_install']
[2.814s] Level 1:colcon.colcon_core.package_identification:_identify(install) by extension 'ignore'
[2.814s] Level 1:colcon.colcon_core.package_identification:_identify(install) ignored
[2.815s] Level 1:colcon.colcon_core.package_identification:_identify(log) by extensions ['ignore', 'ignore_ament_install']
[2.815s] Level 1:colcon.colcon_core.package_identification:_identify(log) by extension 'ignore'
[2.815s] Level 1:colcon.colcon_core.package_identification:_identify(log) ignored
[2.816s] Level 1:colcon.colcon_core.package_identification:_identify(src) by extensions ['ignore', 'ignore_ament_install']
[2.817s] Level 1:colcon.colcon_core.package_identification:_identify(src) by extension 'ignore'
[2.817s] Level 1:colcon.colcon_core.package_identification:_identify(src) by extension 'ignore_ament_install'
[2.818s] Level 1:colcon.colcon_core.package_identification:_identify(src) by extensions ['colcon_pkg']
[2.818s] Level 1:colcon.colcon_core.package_identification:_identify(src) by extension 'colcon_pkg'
[2.818s] Level 1:colcon.colcon_core.package_identification:_identify(src) by extensions ['colcon_meta']
[2.818s] Level 1:colcon.colcon_core.package_identification:_identify(src) by extension 'colcon_meta'
[2.819s] Level 1:colcon.colcon_core.package_identification:_identify(src) by extensions ['ros']
[2.819s] Level 1:colcon.colcon_core.package_identification:_identify(src) by extension 'ros'
[2.819s] Level 1:colcon.colcon_core.package_identification:_identify(src) by extensions ['cmake', 'python']
[2.820s] Level 1:colcon.colcon_core.package_identification:_identify(src) by extension 'cmake'
[2.820s] Level 1:colcon.colcon_core.package_identification:_identify(src) by extension 'python'
[2.821s] Level 1:colcon.colcon_core.package_identification:_identify(src) by extensions ['python_setup_py']
[2.821s] Level 1:colcon.colcon_core.package_identification:_identify(src) by extension 'python_setup_py'
[2.821s] Level 1:colcon.colcon_core.package_identification:_identify(src/cpp_pubsub) by extensions ['ignore', 'ignore_ament_install']
[2.822s] Level 1:colcon.colcon_core.package_identification:_identify(src/cpp_pubsub) by extension 'ignore'
[2.822s] Level 1:colcon.colcon_core.package_identification:_identify(src/cpp_pubsub) by extension 'ignore_ament_install'
[2.822s] Level 1:colcon.colcon_core.package_identification:_identify(src/cpp_pubsub) by extensions ['colcon_pkg']
[2.822s] Level 1:colcon.colcon_core.package_identification:_identify(src/cpp_pubsub) by extension 'colcon_pkg'
[2.822s] Level 1:colcon.colcon_core.package_identification:_identify(src/cpp_pubsub) by extensions ['colcon_meta']
[2.822s] Level 1:colcon.colcon_core.package_identification:_identify(src/cpp_pubsub) by extension 'colcon_meta'
[2.823s] Level 1:colcon.colcon_core.package_identification:_identify(src/cpp_pubsub) by extensions ['ros']
[2.823s] Level 1:colcon.colcon_core.package_identification:_identify(src/cpp_pubsub) by extension 'ros'
[2.833s] DEBUG:colcon.colcon_core.package_identification:Package 'src/cpp_pubsub' with type 'ros.ament_cmake' and name 'cpp_pubsub'
[2.833s] Level 1:colcon.colcon_core.package_discovery:discover_packages(recursive) using defaults
[2.833s] Level 1:colcon.colcon_core.package_discovery:discover_packages(ignore) discover
[2.834s] Level 1:colcon.colcon_core.package_discovery:discover_packages(ignore) using defaults
[2.834s] Level 1:colcon.colcon_core.package_discovery:discover_packages(path) discover
[2.834s] Level 1:colcon.colcon_core.package_discovery:discover_packages(path) using defaults
[3.009s] Level 1:colcon.colcon_core.package_discovery:discover_packages(prefix_path) check parameters
[3.010s] Level 1:colcon.colcon_core.package_discovery:discover_packages(prefix_path) discover
[3.056s] DEBUG:colcon.colcon_installed_package_information.package_discovery:Found 270 installed packages in /opt/ros/humble
[3.067s] Level 1:colcon.colcon_core.package_discovery:discover_packages(prefix_path) using defaults
[3.781s] Level 5:colcon.colcon_core.verb:set package 'cpp_pubsub' build argument 'cmake_args' from command line to 'None'
[3.782s] Level 5:colcon.colcon_core.verb:set package 'cpp_pubsub' build argument 'cmake_target' from command line to 'None'
[3.782s] Level 5:colcon.colcon_core.verb:set package 'cpp_pubsub' build argument 'cmake_target_skip_unavailable' from command line to 'False'
[3.782s] Level 5:colcon.colcon_core.verb:set package 'cpp_pubsub' build argument 'cmake_clean_cache' from command line to 'False'
[3.782s] Level 5:colcon.colcon_core.verb:set package 'cpp_pubsub' build argument 'cmake_clean_first' from command line to 'False'
[3.782s] Level 5:colcon.colcon_core.verb:set package 'cpp_pubsub' build argument 'cmake_force_configure' from command line to 'False'
[3.782s] Level 5:colcon.colcon_core.verb:set package 'cpp_pubsub' build argument 'ament_cmake_args' from command line to 'None'
[3.783s] Level 5:colcon.colcon_core.verb:set package 'cpp_pubsub' build argument 'catkin_cmake_args' from command line to 'None'
[3.783s] Level 5:colcon.colcon_core.verb:set package 'cpp_pubsub' build argument 'catkin_skip_building_tests' from command line to 'False'
[3.783s] DEBUG:colcon.colcon_core.verb:Building package 'cpp_pubsub' with the following arguments: {'ament_cmake_args': None, 'build_base': '/home/robots16/ros2_ws/build/cpp_pubsub', 'catkin_cmake_args': None, 'catkin_skip_building_tests': False, 'cmake_args': None, 'cmake_clean_cache': False, 'cmake_clean_first': False, 'cmake_force_configure': False, 'cmake_target': None, 'cmake_target_skip_unavailable': False, 'install_base': '/home/robots16/ros2_ws/install/cpp_pubsub', 'merge_install': False, 'path': '/home/robots16/ros2_ws/src/cpp_pubsub', 'symlink_install': False, 'test_result_base': None}
[3.787s] INFO:colcon.colcon_core.executor:Executing jobs using 'parallel' executor
[3.814s] DEBUG:colcon.colcon_parallel_executor.executor.parallel:run_until_complete
[3.815s] INFO:colcon.colcon_ros.task.ament_cmake.build:Building ROS package in '/home/robots16/ros2_ws/src/cpp_pubsub' with build type 'ament_cmake'
[3.815s] INFO:colcon.colcon_cmake.task.cmake.build:Building CMake package in '/home/robots16/ros2_ws/src/cpp_pubsub'
[3.842s] INFO:colcon.colcon_core.plugin_system:Skipping extension 'colcon_core.shell.bat': Not used on non-Windows systems
[3.844s] INFO:colcon.colcon_core.shell:Skip shell extension 'powershell' for command environment: Not usable outside of PowerShell
[3.845s] DEBUG:colcon.colcon_core.shell:Skip shell extension 'dsv' for command environment
[3.884s] DEBUG:colcon.colcon_core.event_handler.log_command:Invoking command in '/home/robots16/ros2_ws/build/cpp_pubsub': CMAKE_PREFIX_PATH=/opt/ros/humble /usr/bin/cmake /home/robots16/ros2_ws/src/cpp_pubsub -DCMAKE_INSTALL_PREFIX=/home/robots16/ros2_ws/install/cpp_pubsub
[22.535s] DEBUG:colcon.colcon_core.event_handler.log_command:Invoked command in '/home/robots16/ros2_ws/build/cpp_pubsub' returned '0': CMAKE_PREFIX_PATH=/opt/ros/humble /usr/bin/cmake /home/robots16/ros2_ws/src/cpp_pubsub -DCMAKE_INSTALL_PREFIX=/home/robots16/ros2_ws/install/cpp_pubsub
[22.545s] DEBUG:colcon.colcon_core.event_handler.log_command:Invoking command in '/home/robots16/ros2_ws/build/cpp_pubsub': CMAKE_PREFIX_PATH=/opt/ros/humble /usr/bin/cmake --build /home/robots16/ros2_ws/build/cpp_pubsub -- -j4 -l4
[67.785s] DEBUG:colcon.colcon_core.event_handler.log_command:Invoked command in '/home/robots16/ros2_ws/build/cpp_pubsub' returned '0': CMAKE_PREFIX_PATH=/opt/ros/humble /usr/bin/cmake --build /home/robots16/ros2_ws/build/cpp_pubsub -- -j4 -l4
[67.993s] DEBUG:colcon.colcon_core.event_handler.log_command:Invoking command in '/home/robots16/ros2_ws/build/cpp_pubsub': CMAKE_PREFIX_PATH=/opt/ros/humble /usr/bin/cmake --install /home/robots16/ros2_ws/build/cpp_pubsub
[68.123s] Level 1:colcon.colcon_core.environment:create_environment_scripts_only(cpp_pubsub)
[68.129s] DEBUG:colcon.colcon_core.event_handler.log_command:Invoked command in '/home/robots16/ros2_ws/build/cpp_pubsub' returned '0': CMAKE_PREFIX_PATH=/opt/ros/humble /usr/bin/cmake --install /home/robots16/ros2_ws/build/cpp_pubsub
[68.169s] Level 1:colcon.colcon_core.environment:checking '/home/robots16/ros2_ws/install/cpp_pubsub' for CMake module files
[68.172s] Level 1:colcon.colcon_core.environment:checking '/home/robots16/ros2_ws/install/cpp_pubsub' for CMake config files
[68.174s] Level 1:colcon.colcon_core.shell:create_environment_hook('cpp_pubsub', 'cmake_prefix_path')
[68.181s] INFO:colcon.colcon_core.shell:Creating environment hook '/home/robots16/ros2_ws/install/cpp_pubsub/share/cpp_pubsub/hook/cmake_prefix_path.ps1'
[68.186s] INFO:colcon.colcon_core.shell:Creating environment descriptor '/home/robots16/ros2_ws/install/cpp_pubsub/share/cpp_pubsub/hook/cmake_prefix_path.dsv'
[68.189s] INFO:colcon.colcon_core.shell:Creating environment hook '/home/robots16/ros2_ws/install/cpp_pubsub/share/cpp_pubsub/hook/cmake_prefix_path.sh'
[68.195s] Level 1:colcon.colcon_core.environment:checking '/home/robots16/ros2_ws/install/cpp_pubsub/lib'
[68.196s] Level 1:colcon.colcon_core.environment:checking '/home/robots16/ros2_ws/install/cpp_pubsub/bin'
[68.196s] Level 1:colcon.colcon_core.environment:checking '/home/robots16/ros2_ws/install/cpp_pubsub/lib/pkgconfig/cpp_pubsub.pc'
[68.199s] Level 1:colcon.colcon_core.environment:checking '/home/robots16/ros2_ws/install/cpp_pubsub/lib/python3.10/site-packages'
[68.200s] Level 1:colcon.colcon_core.environment:checking '/home/robots16/ros2_ws/install/cpp_pubsub/bin'
[68.206s] INFO:colcon.colcon_core.shell:Creating package script '/home/robots16/ros2_ws/install/cpp_pubsub/share/cpp_pubsub/package.ps1'
[68.211s] INFO:colcon.colcon_core.shell:Creating package descriptor '/home/robots16/ros2_ws/install/cpp_pubsub/share/cpp_pubsub/package.dsv'
[68.215s] INFO:colcon.colcon_core.shell:Creating package script '/home/robots16/ros2_ws/install/cpp_pubsub/share/cpp_pubsub/package.sh'
[68.255s] INFO:colcon.colcon_core.shell:Creating package script '/home/robots16/ros2_ws/install/cpp_pubsub/share/cpp_pubsub/package.bash'
[68.264s] INFO:colcon.colcon_core.shell:Creating package script '/home/robots16/ros2_ws/install/cpp_pubsub/share/cpp_pubsub/package.zsh'
[68.268s] Level 1:colcon.colcon_core.environment:create_file_with_runtime_dependencies(/home/robots16/ros2_ws/install/cpp_pubsub/share/colcon-core/packages/cpp_pubsub)
[68.426s] Level 1:colcon.colcon_core.environment:create_environment_scripts_only(cpp_pubsub)
[68.436s] Level 1:colcon.colcon_core.environment:checking '/home/robots16/ros2_ws/install/cpp_pubsub' for CMake module files
[68.440s] Level 1:colcon.colcon_core.environment:checking '/home/robots16/ros2_ws/install/cpp_pubsub' for CMake config files
[68.441s] Level 1:colcon.colcon_core.shell:create_environment_hook('cpp_pubsub', 'cmake_prefix_path')
[68.446s] INFO:colcon.colcon_core.shell:Creating environment hook '/home/robots16/ros2_ws/install/cpp_pubsub/share/cpp_pubsub/hook/cmake_prefix_path.ps1'
[68.448s] INFO:colcon.colcon_core.shell:Creating environment descriptor '/home/robots16/ros2_ws/install/cpp_pubsub/share/cpp_pubsub/hook/cmake_prefix_path.dsv'
[68.450s] INFO:colcon.colcon_core.shell:Creating environment hook '/home/robots16/ros2_ws/install/cpp_pubsub/share/cpp_pubsub/hook/cmake_prefix_path.sh'
[68.452s] Level 1:colcon.colcon_core.environment:checking '/home/robots16/ros2_ws/install/cpp_pubsub/lib'
[68.452s] Level 1:colcon.colcon_core.environment:checking '/home/robots16/ros2_ws/install/cpp_pubsub/bin'
[68.453s] Level 1:colcon.colcon_core.environment:checking '/home/robots16/ros2_ws/install/cpp_pubsub/lib/pkgconfig/cpp_pubsub.pc'
[68.454s] Level 1:colcon.colcon_core.environment:checking '/home/robots16/ros2_ws/install/cpp_pubsub/lib/python3.10/site-packages'
[68.454s] Level 1:colcon.colcon_core.environment:checking '/home/robots16/ros2_ws/install/cpp_pubsub/bin'
[68.460s] INFO:colcon.colcon_core.shell:Creating package script '/home/robots16/ros2_ws/install/cpp_pubsub/share/cpp_pubsub/package.ps1'
[68.462s] INFO:colcon.colcon_core.shell:Creating package descriptor '/home/robots16/ros2_ws/install/cpp_pubsub/share/cpp_pubsub/package.dsv'
[68.464s] INFO:colcon.colcon_core.shell:Creating package script '/home/robots16/ros2_ws/install/cpp_pubsub/share/cpp_pubsub/package.sh'
[68.466s] INFO:colcon.colcon_core.shell:Creating package script '/home/robots16/ros2_ws/install/cpp_pubsub/share/cpp_pubsub/package.bash'
[68.467s] INFO:colcon.colcon_core.shell:Creating package script '/home/robots16/ros2_ws/install/cpp_pubsub/share/cpp_pubsub/package.zsh'
[68.469s] Level 1:colcon.colcon_core.environment:create_file_with_runtime_dependencies(/home/robots16/ros2_ws/install/cpp_pubsub/share/colcon-core/packages/cpp_pubsub)
[68.471s] DEBUG:colcon.colcon_parallel_executor.executor.parallel:closing loop
[68.472s] DEBUG:colcon.colcon_parallel_executor.executor.parallel:loop closed
[68.472s] DEBUG:colcon.colcon_parallel_executor.executor.parallel:run_until_complete finished with '0'
[68.473s] DEBUG:colcon.colcon_core.event_reactor:joining thread
[68.646s] INFO:colcon.colcon_core.plugin_system:Skipping extension 'colcon_notification.desktop_notification.terminal_notifier': Not used on non-Darwin systems
[68.647s] INFO:colcon.colcon_core.plugin_system:Skipping extension 'colcon_notification.desktop_notification.win32': Not used on non-Windows systems
[68.647s] INFO:colcon.colcon_notification.desktop_notification:Sending desktop notification using 'notify2'
[68.841s] DEBUG:colcon.colcon_core.event_reactor:joined thread
[68.849s] INFO:colcon.colcon_core.shell:Creating prefix script '/home/robots16/ros2_ws/install/local_setup.ps1'
[68.854s] INFO:colcon.colcon_core.shell:Creating prefix util module '/home/robots16/ros2_ws/install/_local_setup_util_ps1.py'
[68.865s] INFO:colcon.colcon_core.shell:Creating prefix chain script '/home/robots16/ros2_ws/install/setup.ps1'
[68.877s] INFO:colcon.colcon_core.shell:Creating prefix script '/home/robots16/ros2_ws/install/local_setup.sh'
[68.883s] INFO:colcon.colcon_core.shell:Creating prefix util module '/home/robots16/ros2_ws/install/_local_setup_util_sh.py'
[68.886s] INFO:colcon.colcon_core.shell:Creating prefix chain script '/home/robots16/ros2_ws/install/setup.sh'
[68.896s] INFO:colcon.colcon_core.shell:Creating prefix script '/home/robots16/ros2_ws/install/local_setup.bash'
[68.900s] INFO:colcon.colcon_core.shell:Creating prefix chain script '/home/robots16/ros2_ws/install/setup.bash'
[68.911s] INFO:colcon.colcon_core.shell:Creating prefix script '/home/robots16/ros2_ws/install/local_setup.zsh'
[68.917s] INFO:colcon.colcon_core.shell:Creating prefix chain script '/home/robots16/ros2_ws/install/setup.zsh'
