[0.609s] Invoking command in '/home/robots16/ros2_ws/build/cpp_pubsub': CMAKE_PREFIX_PATH=/opt/ros/humble /usr/bin/cmake /home/robots16/ros2_ws/src/cpp_pubsub -DAMENT_CMAKE_SYMLINK_INSTALL=1 -DCMAKE_INSTALL_PREFIX=/home/robots16/ros2_ws/install/cpp_pubsub
[0.766s] -- Found ament_cmake: 1.3.2 (/opt/ros/humble/share/ament_cmake/cmake)
[1.509s] -- Override CMake install command with custom implementation using symlinks instead of copying resources
[1.639s] -- Found rclcpp: 16.0.1 (/opt/ros/humble/share/rclcpp/cmake)
[1.905s] -- Found rosidl_generator_c: 3.1.3 (/opt/ros/humble/share/rosidl_generator_c/cmake)
[1.924s] -- Found rosidl_adapter: 3.1.3 (/opt/ros/humble/share/rosidl_adapter/cmake)
[1.963s] -- Found rosidl_generator_cpp: 3.1.3 (/opt/ros/humble/share/rosidl_generator_cpp/cmake)
[2.025s] -- Using all available rosidl_typesupport_c: rosidl_typesupport_fastrtps_c;rosidl_typesupport_introspection_c
[2.105s] -- Using all available rosidl_typesupport_cpp: rosidl_typesupport_fastrtps_cpp;rosidl_typesupport_introspection_cpp
[2.361s] -- Found rmw_implementation_cmake: 6.1.0 (/opt/ros/humble/share/rmw_implementation_cmake/cmake)
[2.368s] -- Found rmw_fastrtps_cpp: 6.2.1 (/opt/ros/humble/share/rmw_fastrtps_cpp/cmake)
[3.697s] -- Using RMW implementation 'rmw_fastrtps_cpp' as default
[5.064s] -- Found ament_lint_auto: 0.12.4 (/opt/ros/humble/share/ament_lint_auto/cmake)
[5.560s] -- Added test 'cppcheck' to perform static code analysis on C / C++ code
[5.560s] -- Configured cppcheck include dirs: 
[5.561s] -- Configured cppcheck exclude dirs and/or files: 
[5.567s] -- Added test 'lint_cmake' to check CMake code style
[5.575s] -- Added test 'uncrustify' to check C / C++ code style
[5.576s] -- Configured uncrustify additional arguments: 
[5.578s] -- Added test 'xmllint' to check XML markup files
[5.589s] -- Configuring done
[6.218s] -- Generating done
[6.338s] -- Build files have been written to: /home/robots16/ros2_ws/build/cpp_pubsub
[6.373s] Invoked command in '/home/robots16/ros2_ws/build/cpp_pubsub' returned '0': CMAKE_PREFIX_PATH=/opt/ros/humble /usr/bin/cmake /home/robots16/ros2_ws/src/cpp_pubsub -DAMENT_CMAKE_SYMLINK_INSTALL=1 -DCMAKE_INSTALL_PREFIX=/home/robots16/ros2_ws/install/cpp_pubsub
[6.383s] Invoking command in '/home/robots16/ros2_ws/build/cpp_pubsub': CMAKE_PREFIX_PATH=/opt/ros/humble /usr/bin/cmake --build /home/robots16/ros2_ws/build/cpp_pubsub -- -j4 -l4
[6.553s] [35m[1mConsolidate compiler generated dependencies of target talker[0m
[6.642s] [ 25%] [32m[1mLinking CXX executable talker[0m
[7.600s] [ 50%] Built target talker
[7.644s] [35m[1mConsolidate compiler generated dependencies of target listener[0m
[7.741s] [ 75%] [32m[1mLinking CXX executable listener[0m
[9.700s] [100%] Built target listener
[9.763s] Invoked command in '/home/robots16/ros2_ws/build/cpp_pubsub' returned '0': CMAKE_PREFIX_PATH=/opt/ros/humble /usr/bin/cmake --build /home/robots16/ros2_ws/build/cpp_pubsub -- -j4 -l4
[9.961s] Invoking command in '/home/robots16/ros2_ws/build/cpp_pubsub': CMAKE_PREFIX_PATH=/opt/ros/humble /usr/bin/cmake --install /home/robots16/ros2_ws/build/cpp_pubsub
[9.992s] -- Install configuration: ""
[9.994s] -- Execute custom install script
[10.000s] -- Symlinking: /home/robots16/ros2_ws/install/cpp_pubsub/lib/cpp_pubsub/talker
[10.039s] -- Symlinking: /home/robots16/ros2_ws/install/cpp_pubsub/lib/cpp_pubsub/listener
[10.076s] -- Symlinking: /home/robots16/ros2_ws/install/cpp_pubsub/share/ament_index/resource_index/package_run_dependencies/cpp_pubsub
[10.127s] -- Symlinking: /home/robots16/ros2_ws/install/cpp_pubsub/share/ament_index/resource_index/parent_prefix_path/cpp_pubsub
[10.178s] -- Symlinking: /home/robots16/ros2_ws/install/cpp_pubsub/share/cpp_pubsub/environment/ament_prefix_path.sh
[10.224s] -- Symlinking: /home/robots16/ros2_ws/install/cpp_pubsub/share/cpp_pubsub/environment/ament_prefix_path.dsv
[10.275s] -- Symlinking: /home/robots16/ros2_ws/install/cpp_pubsub/share/cpp_pubsub/environment/path.sh
[10.319s] -- Symlinking: /home/robots16/ros2_ws/install/cpp_pubsub/share/cpp_pubsub/environment/path.dsv
[10.362s] -- Symlinking: /home/robots16/ros2_ws/install/cpp_pubsub/share/cpp_pubsub/local_setup.bash
[10.401s] -- Symlinking: /home/robots16/ros2_ws/install/cpp_pubsub/share/cpp_pubsub/local_setup.sh
[10.444s] -- Symlinking: /home/robots16/ros2_ws/install/cpp_pubsub/share/cpp_pubsub/local_setup.zsh
[10.496s] -- Symlinking: /home/robots16/ros2_ws/install/cpp_pubsub/share/cpp_pubsub/local_setup.dsv
[10.546s] -- Symlinking: /home/robots16/ros2_ws/install/cpp_pubsub/share/cpp_pubsub/package.dsv
[10.599s] -- Symlinking: /home/robots16/ros2_ws/install/cpp_pubsub/share/ament_index/resource_index/packages/cpp_pubsub
[10.651s] -- Symlinking: /home/robots16/ros2_ws/install/cpp_pubsub/share/cpp_pubsub/cmake/cpp_pubsubConfig.cmake
[10.700s] -- Symlinking: /home/robots16/ros2_ws/install/cpp_pubsub/share/cpp_pubsub/cmake/cpp_pubsubConfig-version.cmake
[10.750s] -- Symlinking: /home/robots16/ros2_ws/install/cpp_pubsub/share/cpp_pubsub/package.xml
[10.818s] Invoked command in '/home/robots16/ros2_ws/build/cpp_pubsub' returned '0': CMAKE_PREFIX_PATH=/opt/ros/humble /usr/bin/cmake --install /home/robots16/ros2_ws/build/cpp_pubsub
