[0.120s] Invoking command in '/home/robots16/ros2_ws/build/cpp_pubsub': CMAKE_PREFIX_PATH=/opt/ros/humble /usr/bin/cmake --build /home/robots16/ros2_ws/build/cpp_pubsub -- -j4 -l4
[0.385s] [ 50%] Built target talker
[0.512s] [100%] Built target listener
[0.555s] Invoked command in '/home/robots16/ros2_ws/build/cpp_pubsub' returned '0': CMAKE_PREFIX_PATH=/opt/ros/humble /usr/bin/cmake --build /home/robots16/ros2_ws/build/cpp_pubsub -- -j4 -l4
[0.759s] Invoking command in '/home/robots16/ros2_ws/build/cpp_pubsub': CMAKE_PREFIX_PATH=/opt/ros/humble /usr/bin/cmake --install /home/robots16/ros2_ws/build/cpp_pubsub
[0.793s] -- Install configuration: ""
[0.795s] -- Execute custom install script
[0.797s] -- Up-to-date symlink: /home/robots16/ros2_ws/install/cpp_pubsub/lib/cpp_pubsub/talker
[0.798s] -- Up-to-date symlink: /home/robots16/ros2_ws/install/cpp_pubsub/lib/cpp_pubsub/listener
[0.800s] -- Up-to-date symlink: /home/robots16/ros2_ws/install/cpp_pubsub/share/ament_index/resource_index/package_run_dependencies/cpp_pubsub
[0.802s] -- Up-to-date symlink: /home/robots16/ros2_ws/install/cpp_pubsub/share/ament_index/resource_index/parent_prefix_path/cpp_pubsub
[0.803s] -- Up-to-date symlink: /home/robots16/ros2_ws/install/cpp_pubsub/share/cpp_pubsub/environment/ament_prefix_path.sh
[0.805s] -- Up-to-date symlink: /home/robots16/ros2_ws/install/cpp_pubsub/share/cpp_pubsub/environment/ament_prefix_path.dsv
[0.806s] -- Up-to-date symlink: /home/robots16/ros2_ws/install/cpp_pubsub/share/cpp_pubsub/environment/path.sh
[0.807s] -- Up-to-date symlink: /home/robots16/ros2_ws/install/cpp_pubsub/share/cpp_pubsub/environment/path.dsv
[0.809s] -- Up-to-date symlink: /home/robots16/ros2_ws/install/cpp_pubsub/share/cpp_pubsub/local_setup.bash
[0.810s] -- Up-to-date symlink: /home/robots16/ros2_ws/install/cpp_pubsub/share/cpp_pubsub/local_setup.sh
[0.811s] -- Up-to-date symlink: /home/robots16/ros2_ws/install/cpp_pubsub/share/cpp_pubsub/local_setup.zsh
[0.812s] -- Up-to-date symlink: /home/robots16/ros2_ws/install/cpp_pubsub/share/cpp_pubsub/local_setup.dsv
[0.813s] -- Symlinking: /home/robots16/ros2_ws/install/cpp_pubsub/share/cpp_pubsub/package.dsv
[0.851s] -- Up-to-date symlink: /home/robots16/ros2_ws/install/cpp_pubsub/share/ament_index/resource_index/packages/cpp_pubsub
[0.852s] -- Up-to-date symlink: /home/robots16/ros2_ws/install/cpp_pubsub/share/cpp_pubsub/cmake/cpp_pubsubConfig.cmake
[0.852s] -- Up-to-date symlink: /home/robots16/ros2_ws/install/cpp_pubsub/share/cpp_pubsub/cmake/cpp_pubsubConfig-version.cmake
[0.853s] -- Up-to-date symlink: /home/robots16/ros2_ws/install/cpp_pubsub/share/cpp_pubsub/package.xml
[0.862s] Invoked command in '/home/robots16/ros2_ws/build/cpp_pubsub' returned '0': CMAKE_PREFIX_PATH=/opt/ros/humble /usr/bin/cmake --install /home/robots16/ros2_ws/build/cpp_pubsub
