[1.349s] DEBUG:colcon:Command line arguments: ['/usr/bin/colcon', 'build', '--symlink-install']
[1.349s] DEBUG:colcon:Parsed command line arguments: Namespace(log_base=None, log_level=None, verb_name='build', build_base='build', install_base='install', merge_install=False, symlink_install=True, test_result_base=None, continue_on_error=False, executor='parallel', parallel_workers=4, event_handlers=None, ignore_user_meta=False, metas=['./colcon.meta'], base_paths=['.'], packages_ignore=None, packages_ignore_regex=None, paths=None, packages_up_to=None, packages_up_to_regex=None, packages_above=None, packages_above_and_dependencies=None, packages_above_depth=None, packages_select_by_dep=None, packages_skip_by_dep=None, packages_skip_up_to=None, packages_select_build_failed=False, packages_skip_build_finished=False, packages_select_test_failures=False, packages_skip_test_passed=False, packages_select=None, packages_skip=None, packages_select_regex=None, packages_skip_regex=None, packages_start=None, packages_end=None, allow_overriding=[], cmake_args=None, cmake_target=None, cmake_target_skip_unavailable=False, cmake_clean_cache=False, cmake_clean_first=False, cmake_force_configure=False, ament_cmake_args=None, catkin_cmake_args=None, catkin_skip_building_tests=False, verb_parser=<colcon_defaults.argument_parser.defaults.DefaultArgumentsDecorator object at 0xffffa7ce94b0>, verb_extension=<colcon_core.verb.build.BuildVerb object at 0xffffa8723b80>, main=<bound method BuildVerb.main of <colcon_core.verb.build.BuildVerb object at 0xffffa8723b80>>)
[1.457s] Level 1:colcon.colcon_core.package_discovery:discover_packages(colcon_meta) check parameters
[1.458s] Level 1:colcon.colcon_core.package_discovery:discover_packages(recursive) check parameters
[1.458s] Level 1:colcon.colcon_core.package_discovery:discover_packages(ignore) check parameters
[1.458s] Level 1:colcon.colcon_core.package_discovery:discover_packages(path) check parameters
[1.459s] Level 1:colcon.colcon_core.package_discovery:discover_packages(colcon_meta) discover
[1.459s] Level 1:colcon.colcon_core.package_discovery:discover_packages(recursive) discover
[1.459s] INFO:colcon.colcon_core.package_discovery:Crawling recursively for packages in '/home/robots16/ros2_ws'
[1.460s] Level 1:colcon.colcon_core.package_identification:_identify(.) by extensions ['ignore', 'ignore_ament_install']
[1.461s] Level 1:colcon.colcon_core.package_identification:_identify(.) by extension 'ignore'
[1.461s] Level 1:colcon.colcon_core.package_identification:_identify(.) by extension 'ignore_ament_install'
[1.462s] Level 1:colcon.colcon_core.package_identification:_identify(.) by extensions ['colcon_pkg']
[1.462s] Level 1:colcon.colcon_core.package_identification:_identify(.) by extension 'colcon_pkg'
[1.463s] Level 1:colcon.colcon_core.package_identification:_identify(.) by extensions ['colcon_meta']
[1.464s] Level 1:colcon.colcon_core.package_identification:_identify(.) by extension 'colcon_meta'
[1.464s] Level 1:colcon.colcon_core.package_identification:_identify(.) by extensions ['ros']
[1.464s] Level 1:colcon.colcon_core.package_identification:_identify(.) by extension 'ros'
[1.615s] Level 1:colcon.colcon_core.package_identification:_identify(.) by extensions ['cmake', 'python']
[1.616s] Level 1:colcon.colcon_core.package_identification:_identify(.) by extension 'cmake'
[1.617s] Level 1:colcon.colcon_core.package_identification:_identify(.) by extension 'python'
[1.618s] Level 1:colcon.colcon_core.package_identification:_identify(.) by extensions ['python_setup_py']
[1.618s] Level 1:colcon.colcon_core.package_identification:_identify(.) by extension 'python_setup_py'
[1.620s] Level 1:colcon.colcon_core.package_identification:_identify(build) by extensions ['ignore', 'ignore_ament_install']
[1.621s] Level 1:colcon.colcon_core.package_identification:_identify(build) by extension 'ignore'
[1.622s] Level 1:colcon.colcon_core.package_identification:_identify(build) ignored
[1.623s] Level 1:colcon.colcon_core.package_identification:_identify(install) by extensions ['ignore', 'ignore_ament_install']
[1.623s] Level 1:colcon.colcon_core.package_identification:_identify(install) by extension 'ignore'
[1.624s] Level 1:colcon.colcon_core.package_identification:_identify(install) ignored
[1.626s] Level 1:colcon.colcon_core.package_identification:_identify(log) by extensions ['ignore', 'ignore_ament_install']
[1.627s] Level 1:colcon.colcon_core.package_identification:_identify(log) by extension 'ignore'
[1.628s] Level 1:colcon.colcon_core.package_identification:_identify(log) ignored
[1.629s] Level 1:colcon.colcon_core.package_identification:_identify(src) by extensions ['ignore', 'ignore_ament_install']
[1.631s] Level 1:colcon.colcon_core.package_identification:_identify(src) by extension 'ignore'
[1.632s] Level 1:colcon.colcon_core.package_identification:_identify(src) by extension 'ignore_ament_install'
[1.634s] Level 1:colcon.colcon_core.package_identification:_identify(src) by extensions ['colcon_pkg']
[1.634s] Level 1:colcon.colcon_core.package_identification:_identify(src) by extension 'colcon_pkg'
[1.635s] Level 1:colcon.colcon_core.package_identification:_identify(src) by extensions ['colcon_meta']
[1.635s] Level 1:colcon.colcon_core.package_identification:_identify(src) by extension 'colcon_meta'
[1.636s] Level 1:colcon.colcon_core.package_identification:_identify(src) by extensions ['ros']
[1.636s] Level 1:colcon.colcon_core.package_identification:_identify(src) by extension 'ros'
[1.637s] Level 1:colcon.colcon_core.package_identification:_identify(src) by extensions ['cmake', 'python']
[1.637s] Level 1:colcon.colcon_core.package_identification:_identify(src) by extension 'cmake'
[1.637s] Level 1:colcon.colcon_core.package_identification:_identify(src) by extension 'python'
[1.639s] Level 1:colcon.colcon_core.package_identification:_identify(src) by extensions ['python_setup_py']
[1.639s] Level 1:colcon.colcon_core.package_identification:_identify(src) by extension 'python_setup_py'
[1.640s] Level 1:colcon.colcon_core.package_identification:_identify(src/cpp_pubsub) by extensions ['ignore', 'ignore_ament_install']
[1.641s] Level 1:colcon.colcon_core.package_identification:_identify(src/cpp_pubsub) by extension 'ignore'
[1.641s] Level 1:colcon.colcon_core.package_identification:_identify(src/cpp_pubsub) by extension 'ignore_ament_install'
[1.642s] Level 1:colcon.colcon_core.package_identification:_identify(src/cpp_pubsub) by extensions ['colcon_pkg']
[1.642s] Level 1:colcon.colcon_core.package_identification:_identify(src/cpp_pubsub) by extension 'colcon_pkg'
[1.643s] Level 1:colcon.colcon_core.package_identification:_identify(src/cpp_pubsub) by extensions ['colcon_meta']
[1.643s] Level 1:colcon.colcon_core.package_identification:_identify(src/cpp_pubsub) by extension 'colcon_meta'
[1.643s] Level 1:colcon.colcon_core.package_identification:_identify(src/cpp_pubsub) by extensions ['ros']
[1.643s] Level 1:colcon.colcon_core.package_identification:_identify(src/cpp_pubsub) by extension 'ros'
[1.657s] DEBUG:colcon.colcon_core.package_identification:Package 'src/cpp_pubsub' with type 'ros.ament_cmake' and name 'cpp_pubsub'
[1.658s] Level 1:colcon.colcon_core.package_identification:_identify(src/rplidar_ros2) by extensions ['ignore', 'ignore_ament_install']
[1.658s] Level 1:colcon.colcon_core.package_identification:_identify(src/rplidar_ros2) by extension 'ignore'
[1.659s] Level 1:colcon.colcon_core.package_identification:_identify(src/rplidar_ros2) by extension 'ignore_ament_install'
[1.659s] Level 1:colcon.colcon_core.package_identification:_identify(src/rplidar_ros2) by extensions ['colcon_pkg']
[1.659s] Level 1:colcon.colcon_core.package_identification:_identify(src/rplidar_ros2) by extension 'colcon_pkg'
[1.660s] Level 1:colcon.colcon_core.package_identification:_identify(src/rplidar_ros2) by extensions ['colcon_meta']
[1.660s] Level 1:colcon.colcon_core.package_identification:_identify(src/rplidar_ros2) by extension 'colcon_meta'
[1.660s] Level 1:colcon.colcon_core.package_identification:_identify(src/rplidar_ros2) by extensions ['ros']
[1.660s] Level 1:colcon.colcon_core.package_identification:_identify(src/rplidar_ros2) by extension 'ros'
[1.664s] DEBUG:colcon.colcon_core.package_identification:Package 'src/rplidar_ros2' with type 'ros.ament_cmake' and name 'rplidar_ros'
[1.664s] Level 1:colcon.colcon_core.package_discovery:discover_packages(recursive) using defaults
[1.664s] Level 1:colcon.colcon_core.package_discovery:discover_packages(ignore) discover
[1.665s] Level 1:colcon.colcon_core.package_discovery:discover_packages(ignore) using defaults
[1.665s] Level 1:colcon.colcon_core.package_discovery:discover_packages(path) discover
[1.665s] Level 1:colcon.colcon_core.package_discovery:discover_packages(path) using defaults
[1.789s] Level 1:colcon.colcon_core.package_discovery:discover_packages(prefix_path) check parameters
[1.790s] Level 1:colcon.colcon_core.package_discovery:discover_packages(prefix_path) discover
[1.816s] DEBUG:colcon.colcon_installed_package_information.package_discovery:Found 270 installed packages in /opt/ros/humble
[1.822s] Level 1:colcon.colcon_core.package_discovery:discover_packages(prefix_path) using defaults
[2.133s] Level 5:colcon.colcon_core.verb:set package 'cpp_pubsub' build argument 'cmake_args' from command line to 'None'
[2.133s] Level 5:colcon.colcon_core.verb:set package 'cpp_pubsub' build argument 'cmake_target' from command line to 'None'
[2.133s] Level 5:colcon.colcon_core.verb:set package 'cpp_pubsub' build argument 'cmake_target_skip_unavailable' from command line to 'False'
[2.133s] Level 5:colcon.colcon_core.verb:set package 'cpp_pubsub' build argument 'cmake_clean_cache' from command line to 'False'
[2.134s] Level 5:colcon.colcon_core.verb:set package 'cpp_pubsub' build argument 'cmake_clean_first' from command line to 'False'
[2.134s] Level 5:colcon.colcon_core.verb:set package 'cpp_pubsub' build argument 'cmake_force_configure' from command line to 'False'
[2.134s] Level 5:colcon.colcon_core.verb:set package 'cpp_pubsub' build argument 'ament_cmake_args' from command line to 'None'
[2.134s] Level 5:colcon.colcon_core.verb:set package 'cpp_pubsub' build argument 'catkin_cmake_args' from command line to 'None'
[2.134s] Level 5:colcon.colcon_core.verb:set package 'cpp_pubsub' build argument 'catkin_skip_building_tests' from command line to 'False'
[2.134s] DEBUG:colcon.colcon_core.verb:Building package 'cpp_pubsub' with the following arguments: {'ament_cmake_args': None, 'build_base': '/home/robots16/ros2_ws/build/cpp_pubsub', 'catkin_cmake_args': None, 'catkin_skip_building_tests': False, 'cmake_args': None, 'cmake_clean_cache': False, 'cmake_clean_first': False, 'cmake_force_configure': False, 'cmake_target': None, 'cmake_target_skip_unavailable': False, 'install_base': '/home/robots16/ros2_ws/install/cpp_pubsub', 'merge_install': False, 'path': '/home/robots16/ros2_ws/src/cpp_pubsub', 'symlink_install': True, 'test_result_base': None}
[2.138s] Level 5:colcon.colcon_core.verb:set package 'rplidar_ros' build argument 'cmake_args' from command line to 'None'
[2.139s] Level 5:colcon.colcon_core.verb:set package 'rplidar_ros' build argument 'cmake_target' from command line to 'None'
[2.139s] Level 5:colcon.colcon_core.verb:set package 'rplidar_ros' build argument 'cmake_target_skip_unavailable' from command line to 'False'
[2.139s] Level 5:colcon.colcon_core.verb:set package 'rplidar_ros' build argument 'cmake_clean_cache' from command line to 'False'
[2.139s] Level 5:colcon.colcon_core.verb:set package 'rplidar_ros' build argument 'cmake_clean_first' from command line to 'False'
[2.139s] Level 5:colcon.colcon_core.verb:set package 'rplidar_ros' build argument 'cmake_force_configure' from command line to 'False'
[2.139s] Level 5:colcon.colcon_core.verb:set package 'rplidar_ros' build argument 'ament_cmake_args' from command line to 'None'
[2.139s] Level 5:colcon.colcon_core.verb:set package 'rplidar_ros' build argument 'catkin_cmake_args' from command line to 'None'
[2.139s] Level 5:colcon.colcon_core.verb:set package 'rplidar_ros' build argument 'catkin_skip_building_tests' from command line to 'False'
[2.139s] DEBUG:colcon.colcon_core.verb:Building package 'rplidar_ros' with the following arguments: {'ament_cmake_args': None, 'build_base': '/home/robots16/ros2_ws/build/rplidar_ros', 'catkin_cmake_args': None, 'catkin_skip_building_tests': False, 'cmake_args': None, 'cmake_clean_cache': False, 'cmake_clean_first': False, 'cmake_force_configure': False, 'cmake_target': None, 'cmake_target_skip_unavailable': False, 'install_base': '/home/robots16/ros2_ws/install/rplidar_ros', 'merge_install': False, 'path': '/home/robots16/ros2_ws/src/rplidar_ros2', 'symlink_install': True, 'test_result_base': None}
[2.142s] INFO:colcon.colcon_core.executor:Executing jobs using 'parallel' executor
[2.163s] DEBUG:colcon.colcon_parallel_executor.executor.parallel:run_until_complete
[2.166s] INFO:colcon.colcon_ros.task.ament_cmake.build:Building ROS package in '/home/robots16/ros2_ws/src/cpp_pubsub' with build type 'ament_cmake'
[2.168s] INFO:colcon.colcon_cmake.task.cmake.build:Building CMake package in '/home/robots16/ros2_ws/src/cpp_pubsub'
[2.200s] INFO:colcon.colcon_core.plugin_system:Skipping extension 'colcon_core.shell.bat': Not used on non-Windows systems
[2.203s] INFO:colcon.colcon_core.shell:Skip shell extension 'powershell' for command environment: Not usable outside of PowerShell
[2.204s] DEBUG:colcon.colcon_core.shell:Skip shell extension 'dsv' for command environment
[2.229s] INFO:colcon.colcon_ros.task.ament_cmake.build:Building ROS package in '/home/robots16/ros2_ws/src/rplidar_ros2' with build type 'ament_cmake'
[2.231s] INFO:colcon.colcon_cmake.task.cmake.build:Building CMake package in '/home/robots16/ros2_ws/src/rplidar_ros2'
[2.243s] INFO:colcon.colcon_core.shell:Skip shell extension 'powershell' for command environment: Not usable outside of PowerShell
[2.244s] DEBUG:colcon.colcon_core.shell:Skip shell extension 'dsv' for command environment
[2.293s] DEBUG:colcon.colcon_core.event_handler.log_command:Invoking command in '/home/robots16/ros2_ws/build/cpp_pubsub': CMAKE_PREFIX_PATH=/opt/ros/humble /usr/bin/cmake --build /home/robots16/ros2_ws/build/cpp_pubsub -- -j4 -l4
[2.332s] DEBUG:colcon.colcon_core.event_handler.log_command:Invoking command in '/home/robots16/ros2_ws/build/rplidar_ros': CMAKE_PREFIX_PATH=/opt/ros/humble /usr/bin/cmake /home/robots16/ros2_ws/src/rplidar_ros2 -DAMENT_CMAKE_SYMLINK_INSTALL=1 -DCMAKE_INSTALL_PREFIX=/home/robots16/ros2_ws/install/rplidar_ros
[2.726s] DEBUG:colcon.colcon_core.event_handler.log_command:Invoked command in '/home/robots16/ros2_ws/build/cpp_pubsub' returned '0': CMAKE_PREFIX_PATH=/opt/ros/humble /usr/bin/cmake --build /home/robots16/ros2_ws/build/cpp_pubsub -- -j4 -l4
[2.931s] DEBUG:colcon.colcon_core.event_handler.log_command:Invoking command in '/home/robots16/ros2_ws/build/cpp_pubsub': CMAKE_PREFIX_PATH=/opt/ros/humble /usr/bin/cmake --install /home/robots16/ros2_ws/build/cpp_pubsub
[3.030s] Level 1:colcon.colcon_core.environment:create_environment_scripts_only(cpp_pubsub)
[3.033s] DEBUG:colcon.colcon_core.event_handler.log_command:Invoked command in '/home/robots16/ros2_ws/build/cpp_pubsub' returned '0': CMAKE_PREFIX_PATH=/opt/ros/humble /usr/bin/cmake --install /home/robots16/ros2_ws/build/cpp_pubsub
[3.057s] Level 1:colcon.colcon_core.environment:checking '/home/robots16/ros2_ws/install/cpp_pubsub' for CMake module files
[3.060s] Level 1:colcon.colcon_core.environment:checking '/home/robots16/ros2_ws/install/cpp_pubsub' for CMake config files
[3.064s] Level 1:colcon.colcon_core.shell:create_environment_hook('cpp_pubsub', 'cmake_prefix_path')
[3.070s] INFO:colcon.colcon_core.shell:Creating environment hook '/home/robots16/ros2_ws/install/cpp_pubsub/share/cpp_pubsub/hook/cmake_prefix_path.ps1'
[3.073s] INFO:colcon.colcon_core.shell:Creating environment descriptor '/home/robots16/ros2_ws/install/cpp_pubsub/share/cpp_pubsub/hook/cmake_prefix_path.dsv'
[3.076s] INFO:colcon.colcon_core.shell:Creating environment hook '/home/robots16/ros2_ws/install/cpp_pubsub/share/cpp_pubsub/hook/cmake_prefix_path.sh'
[3.081s] Level 1:colcon.colcon_core.environment:checking '/home/robots16/ros2_ws/install/cpp_pubsub/lib'
[3.083s] Level 1:colcon.colcon_core.environment:checking '/home/robots16/ros2_ws/install/cpp_pubsub/bin'
[3.084s] Level 1:colcon.colcon_core.environment:checking '/home/robots16/ros2_ws/install/cpp_pubsub/lib/pkgconfig/cpp_pubsub.pc'
[3.086s] Level 1:colcon.colcon_core.environment:checking '/home/robots16/ros2_ws/install/cpp_pubsub/lib/python3.10/site-packages'
[3.087s] Level 1:colcon.colcon_core.environment:checking '/home/robots16/ros2_ws/install/cpp_pubsub/bin'
[3.093s] INFO:colcon.colcon_core.shell:Creating package script '/home/robots16/ros2_ws/install/cpp_pubsub/share/cpp_pubsub/package.ps1'
[3.097s] INFO:colcon.colcon_core.shell:Creating package descriptor '/home/robots16/ros2_ws/install/cpp_pubsub/share/cpp_pubsub/package.dsv'
[3.100s] INFO:colcon.colcon_core.shell:Creating package script '/home/robots16/ros2_ws/install/cpp_pubsub/share/cpp_pubsub/package.sh'
[3.104s] INFO:colcon.colcon_core.shell:Creating package script '/home/robots16/ros2_ws/install/cpp_pubsub/share/cpp_pubsub/package.bash'
[3.108s] INFO:colcon.colcon_core.shell:Creating package script '/home/robots16/ros2_ws/install/cpp_pubsub/share/cpp_pubsub/package.zsh'
[3.110s] Level 1:colcon.colcon_core.environment:create_file_with_runtime_dependencies(/home/robots16/ros2_ws/install/cpp_pubsub/share/colcon-core/packages/cpp_pubsub)
[3.279s] Level 1:colcon.colcon_core.environment:create_environment_scripts_only(cpp_pubsub)
[3.287s] Level 1:colcon.colcon_core.environment:checking '/home/robots16/ros2_ws/install/cpp_pubsub' for CMake module files
[3.290s] Level 1:colcon.colcon_core.environment:checking '/home/robots16/ros2_ws/install/cpp_pubsub' for CMake config files
[3.292s] Level 1:colcon.colcon_core.shell:create_environment_hook('cpp_pubsub', 'cmake_prefix_path')
[3.300s] INFO:colcon.colcon_core.shell:Creating environment hook '/home/robots16/ros2_ws/install/cpp_pubsub/share/cpp_pubsub/hook/cmake_prefix_path.ps1'
[3.302s] INFO:colcon.colcon_core.shell:Creating environment descriptor '/home/robots16/ros2_ws/install/cpp_pubsub/share/cpp_pubsub/hook/cmake_prefix_path.dsv'
[3.304s] INFO:colcon.colcon_core.shell:Creating environment hook '/home/robots16/ros2_ws/install/cpp_pubsub/share/cpp_pubsub/hook/cmake_prefix_path.sh'
[3.307s] Level 1:colcon.colcon_core.environment:checking '/home/robots16/ros2_ws/install/cpp_pubsub/lib'
[3.307s] Level 1:colcon.colcon_core.environment:checking '/home/robots16/ros2_ws/install/cpp_pubsub/bin'
[3.307s] Level 1:colcon.colcon_core.environment:checking '/home/robots16/ros2_ws/install/cpp_pubsub/lib/pkgconfig/cpp_pubsub.pc'
[3.308s] Level 1:colcon.colcon_core.environment:checking '/home/robots16/ros2_ws/install/cpp_pubsub/lib/python3.10/site-packages'
[3.309s] Level 1:colcon.colcon_core.environment:checking '/home/robots16/ros2_ws/install/cpp_pubsub/bin'
[3.317s] INFO:colcon.colcon_core.shell:Creating package script '/home/robots16/ros2_ws/install/cpp_pubsub/share/cpp_pubsub/package.ps1'
[3.434s] INFO:colcon.colcon_core.shell:Creating package descriptor '/home/robots16/ros2_ws/install/cpp_pubsub/share/cpp_pubsub/package.dsv'
[3.438s] INFO:colcon.colcon_core.shell:Creating package script '/home/robots16/ros2_ws/install/cpp_pubsub/share/cpp_pubsub/package.sh'
[3.441s] INFO:colcon.colcon_core.shell:Creating package script '/home/robots16/ros2_ws/install/cpp_pubsub/share/cpp_pubsub/package.bash'
[3.445s] INFO:colcon.colcon_core.shell:Creating package script '/home/robots16/ros2_ws/install/cpp_pubsub/share/cpp_pubsub/package.zsh'
[3.448s] Level 1:colcon.colcon_core.environment:create_file_with_runtime_dependencies(/home/robots16/ros2_ws/install/cpp_pubsub/share/colcon-core/packages/cpp_pubsub)
[15.319s] DEBUG:colcon.colcon_core.event_handler.log_command:Invoked command in '/home/robots16/ros2_ws/build/rplidar_ros' returned '0': CMAKE_PREFIX_PATH=/opt/ros/humble /usr/bin/cmake /home/robots16/ros2_ws/src/rplidar_ros2 -DAMENT_CMAKE_SYMLINK_INSTALL=1 -DCMAKE_INSTALL_PREFIX=/home/robots16/ros2_ws/install/rplidar_ros
[15.327s] DEBUG:colcon.colcon_core.event_handler.log_command:Invoking command in '/home/robots16/ros2_ws/build/rplidar_ros': CMAKE_PREFIX_PATH=/opt/ros/humble /usr/bin/cmake --build /home/robots16/ros2_ws/build/rplidar_ros -- -j4 -l4
[87.724s] DEBUG:colcon.colcon_core.event_handler.log_command:Invoked command in '/home/robots16/ros2_ws/build/rplidar_ros' returned '0': CMAKE_PREFIX_PATH=/opt/ros/humble /usr/bin/cmake --build /home/robots16/ros2_ws/build/rplidar_ros -- -j4 -l4
[87.956s] DEBUG:colcon.colcon_core.event_handler.log_command:Invoking command in '/home/robots16/ros2_ws/build/rplidar_ros': CMAKE_PREFIX_PATH=/opt/ros/humble /usr/bin/cmake --install /home/robots16/ros2_ws/build/rplidar_ros
[89.169s] Level 1:colcon.colcon_core.environment:create_environment_scripts_only(rplidar_ros)
[89.181s] Level 1:colcon.colcon_core.environment:checking '/home/robots16/ros2_ws/install/rplidar_ros' for CMake module files
[89.181s] DEBUG:colcon.colcon_core.event_handler.log_command:Invoked command in '/home/robots16/ros2_ws/build/rplidar_ros' returned '0': CMAKE_PREFIX_PATH=/opt/ros/humble /usr/bin/cmake --install /home/robots16/ros2_ws/build/rplidar_ros
[89.185s] Level 1:colcon.colcon_core.environment:checking '/home/robots16/ros2_ws/install/rplidar_ros' for CMake config files
[89.188s] Level 1:colcon.colcon_core.shell:create_environment_hook('rplidar_ros', 'cmake_prefix_path')
[89.194s] INFO:colcon.colcon_core.shell:Creating environment hook '/home/robots16/ros2_ws/install/rplidar_ros/share/rplidar_ros/hook/cmake_prefix_path.ps1'
[89.198s] INFO:colcon.colcon_core.shell:Creating environment descriptor '/home/robots16/ros2_ws/install/rplidar_ros/share/rplidar_ros/hook/cmake_prefix_path.dsv'
[89.201s] INFO:colcon.colcon_core.shell:Creating environment hook '/home/robots16/ros2_ws/install/rplidar_ros/share/rplidar_ros/hook/cmake_prefix_path.sh'
[89.204s] Level 1:colcon.colcon_core.environment:checking '/home/robots16/ros2_ws/install/rplidar_ros/lib'
[89.205s] Level 1:colcon.colcon_core.shell:create_environment_hook('rplidar_ros', 'ld_library_path_lib')
[89.210s] INFO:colcon.colcon_core.shell:Creating environment hook '/home/robots16/ros2_ws/install/rplidar_ros/share/rplidar_ros/hook/ld_library_path_lib.ps1'
[89.212s] INFO:colcon.colcon_core.shell:Creating environment descriptor '/home/robots16/ros2_ws/install/rplidar_ros/share/rplidar_ros/hook/ld_library_path_lib.dsv'
[89.213s] INFO:colcon.colcon_core.shell:Creating environment hook '/home/robots16/ros2_ws/install/rplidar_ros/share/rplidar_ros/hook/ld_library_path_lib.sh'
[89.215s] Level 1:colcon.colcon_core.environment:checking '/home/robots16/ros2_ws/install/rplidar_ros/bin'
[89.215s] Level 1:colcon.colcon_core.environment:checking '/home/robots16/ros2_ws/install/rplidar_ros/lib/pkgconfig/rplidar_ros.pc'
[89.216s] Level 1:colcon.colcon_core.environment:checking '/home/robots16/ros2_ws/install/rplidar_ros/lib/python3.10/site-packages'
[89.217s] Level 1:colcon.colcon_core.environment:checking '/home/robots16/ros2_ws/install/rplidar_ros/bin'
[89.222s] INFO:colcon.colcon_core.shell:Creating package script '/home/robots16/ros2_ws/install/rplidar_ros/share/rplidar_ros/package.ps1'
[89.225s] INFO:colcon.colcon_core.shell:Creating package descriptor '/home/robots16/ros2_ws/install/rplidar_ros/share/rplidar_ros/package.dsv'
[89.227s] INFO:colcon.colcon_core.shell:Creating package script '/home/robots16/ros2_ws/install/rplidar_ros/share/rplidar_ros/package.sh'
[89.230s] INFO:colcon.colcon_core.shell:Creating package script '/home/robots16/ros2_ws/install/rplidar_ros/share/rplidar_ros/package.bash'
[89.231s] INFO:colcon.colcon_core.shell:Creating package script '/home/robots16/ros2_ws/install/rplidar_ros/share/rplidar_ros/package.zsh'
[89.233s] Level 1:colcon.colcon_core.environment:create_file_with_runtime_dependencies(/home/robots16/ros2_ws/install/rplidar_ros/share/colcon-core/packages/rplidar_ros)
[89.459s] Level 1:colcon.colcon_core.environment:create_environment_scripts_only(rplidar_ros)
[89.469s] Level 1:colcon.colcon_core.environment:checking '/home/robots16/ros2_ws/install/rplidar_ros' for CMake module files
[89.473s] Level 1:colcon.colcon_core.environment:checking '/home/robots16/ros2_ws/install/rplidar_ros' for CMake config files
[89.476s] Level 1:colcon.colcon_core.shell:create_environment_hook('rplidar_ros', 'cmake_prefix_path')
[89.481s] INFO:colcon.colcon_core.shell:Creating environment hook '/home/robots16/ros2_ws/install/rplidar_ros/share/rplidar_ros/hook/cmake_prefix_path.ps1'
[89.482s] INFO:colcon.colcon_core.shell:Creating environment descriptor '/home/robots16/ros2_ws/install/rplidar_ros/share/rplidar_ros/hook/cmake_prefix_path.dsv'
[89.484s] INFO:colcon.colcon_core.shell:Creating environment hook '/home/robots16/ros2_ws/install/rplidar_ros/share/rplidar_ros/hook/cmake_prefix_path.sh'
[89.486s] Level 1:colcon.colcon_core.environment:checking '/home/robots16/ros2_ws/install/rplidar_ros/lib'
[89.487s] Level 1:colcon.colcon_core.shell:create_environment_hook('rplidar_ros', 'ld_library_path_lib')
[89.492s] INFO:colcon.colcon_core.shell:Creating environment hook '/home/robots16/ros2_ws/install/rplidar_ros/share/rplidar_ros/hook/ld_library_path_lib.ps1'
[89.494s] INFO:colcon.colcon_core.shell:Creating environment descriptor '/home/robots16/ros2_ws/install/rplidar_ros/share/rplidar_ros/hook/ld_library_path_lib.dsv'
[89.497s] INFO:colcon.colcon_core.shell:Creating environment hook '/home/robots16/ros2_ws/install/rplidar_ros/share/rplidar_ros/hook/ld_library_path_lib.sh'
[89.500s] Level 1:colcon.colcon_core.environment:checking '/home/robots16/ros2_ws/install/rplidar_ros/bin'
[89.500s] Level 1:colcon.colcon_core.environment:checking '/home/robots16/ros2_ws/install/rplidar_ros/lib/pkgconfig/rplidar_ros.pc'
[89.501s] Level 1:colcon.colcon_core.environment:checking '/home/robots16/ros2_ws/install/rplidar_ros/lib/python3.10/site-packages'
[89.502s] Level 1:colcon.colcon_core.environment:checking '/home/robots16/ros2_ws/install/rplidar_ros/bin'
[89.508s] INFO:colcon.colcon_core.shell:Creating package script '/home/robots16/ros2_ws/install/rplidar_ros/share/rplidar_ros/package.ps1'
[89.510s] INFO:colcon.colcon_core.shell:Creating package descriptor '/home/robots16/ros2_ws/install/rplidar_ros/share/rplidar_ros/package.dsv'
[89.512s] INFO:colcon.colcon_core.shell:Creating package script '/home/robots16/ros2_ws/install/rplidar_ros/share/rplidar_ros/package.sh'
[89.514s] INFO:colcon.colcon_core.shell:Creating package script '/home/robots16/ros2_ws/install/rplidar_ros/share/rplidar_ros/package.bash'
[89.516s] INFO:colcon.colcon_core.shell:Creating package script '/home/robots16/ros2_ws/install/rplidar_ros/share/rplidar_ros/package.zsh'
[89.518s] Level 1:colcon.colcon_core.environment:create_file_with_runtime_dependencies(/home/robots16/ros2_ws/install/rplidar_ros/share/colcon-core/packages/rplidar_ros)
[89.519s] DEBUG:colcon.colcon_parallel_executor.executor.parallel:closing loop
[89.521s] DEBUG:colcon.colcon_parallel_executor.executor.parallel:loop closed
[89.521s] DEBUG:colcon.colcon_parallel_executor.executor.parallel:run_until_complete finished with '0'
[89.522s] DEBUG:colcon.colcon_core.event_reactor:joining thread
[89.664s] INFO:colcon.colcon_core.plugin_system:Skipping extension 'colcon_notification.desktop_notification.terminal_notifier': Not used on non-Darwin systems
[89.664s] INFO:colcon.colcon_core.plugin_system:Skipping extension 'colcon_notification.desktop_notification.win32': Not used on non-Windows systems
[89.665s] INFO:colcon.colcon_notification.desktop_notification:Sending desktop notification using 'notify2'
[89.727s] DEBUG:colcon.colcon_core.event_reactor:joined thread
[89.733s] INFO:colcon.colcon_core.shell:Creating prefix script '/home/robots16/ros2_ws/install/local_setup.ps1'
[89.737s] INFO:colcon.colcon_core.shell:Creating prefix util module '/home/robots16/ros2_ws/install/_local_setup_util_ps1.py'
[89.746s] INFO:colcon.colcon_core.shell:Creating prefix chain script '/home/robots16/ros2_ws/install/setup.ps1'
[89.753s] INFO:colcon.colcon_core.shell:Creating prefix script '/home/robots16/ros2_ws/install/local_setup.sh'
[89.757s] INFO:colcon.colcon_core.shell:Creating prefix util module '/home/robots16/ros2_ws/install/_local_setup_util_sh.py'
[89.760s] INFO:colcon.colcon_core.shell:Creating prefix chain script '/home/robots16/ros2_ws/install/setup.sh'
[89.769s] INFO:colcon.colcon_core.shell:Creating prefix script '/home/robots16/ros2_ws/install/local_setup.bash'
[89.772s] INFO:colcon.colcon_core.shell:Creating prefix chain script '/home/robots16/ros2_ws/install/setup.bash'
[89.779s] INFO:colcon.colcon_core.shell:Creating prefix script '/home/robots16/ros2_ws/install/local_setup.zsh'
[89.783s] INFO:colcon.colcon_core.shell:Creating prefix chain script '/home/robots16/ros2_ws/install/setup.zsh'
