[7.329s] DEBUG:colcon:Command line arguments: ['/usr/bin/colcon', 'build', '--symlink-install']
[7.329s] DEBUG:colcon:Parsed command line arguments: Namespace(log_base=None, log_level=None, verb_name='build', build_base='build', install_base='install', merge_install=False, symlink_install=True, test_result_base=None, continue_on_error=False, executor='parallel', parallel_workers=4, event_handlers=None, ignore_user_meta=False, metas=['./colcon.meta'], base_paths=['.'], packages_ignore=None, packages_ignore_regex=None, paths=None, packages_up_to=None, packages_up_to_regex=None, packages_above=None, packages_above_and_dependencies=None, packages_above_depth=None, packages_select_by_dep=None, packages_skip_by_dep=None, packages_skip_up_to=None, packages_select_build_failed=False, packages_skip_build_finished=False, packages_select_test_failures=False, packages_skip_test_passed=False, packages_select=None, packages_skip=None, packages_select_regex=None, packages_skip_regex=None, packages_start=None, packages_end=None, allow_overriding=[], cmake_args=None, cmake_target=None, cmake_target_skip_unavailable=False, cmake_clean_cache=False, cmake_clean_first=False, cmake_force_configure=False, ament_cmake_args=None, catkin_cmake_args=None, catkin_skip_building_tests=False, verb_parser=<colcon_defaults.argument_parser.defaults.DefaultArgumentsDecorator object at 0xffffa67f57b0>, verb_extension=<colcon_core.verb.build.BuildVerb object at 0xffffa7233a00>, main=<bound method BuildVerb.main of <colcon_core.verb.build.BuildVerb object at 0xffffa7233a00>>)
[8.023s] Level 1:colcon.colcon_core.package_discovery:discover_packages(colcon_meta) check parameters
[8.024s] Level 1:colcon.colcon_core.package_discovery:discover_packages(recursive) check parameters
[8.024s] Level 1:colcon.colcon_core.package_discovery:discover_packages(ignore) check parameters
[8.024s] Level 1:colcon.colcon_core.package_discovery:discover_packages(path) check parameters
[8.025s] Level 1:colcon.colcon_core.package_discovery:discover_packages(colcon_meta) discover
[8.025s] Level 1:colcon.colcon_core.package_discovery:discover_packages(recursive) discover
[8.025s] INFO:colcon.colcon_core.package_discovery:Crawling recursively for packages in '/home/robots16/ros2_ws'
[8.026s] Level 1:colcon.colcon_core.package_identification:_identify(.) by extensions ['ignore', 'ignore_ament_install']
[8.027s] Level 1:colcon.colcon_core.package_identification:_identify(.) by extension 'ignore'
[8.028s] Level 1:colcon.colcon_core.package_identification:_identify(.) by extension 'ignore_ament_install'
[8.028s] Level 1:colcon.colcon_core.package_identification:_identify(.) by extensions ['colcon_pkg']
[8.028s] Level 1:colcon.colcon_core.package_identification:_identify(.) by extension 'colcon_pkg'
[8.029s] Level 1:colcon.colcon_core.package_identification:_identify(.) by extensions ['colcon_meta']
[8.029s] Level 1:colcon.colcon_core.package_identification:_identify(.) by extension 'colcon_meta'
[8.030s] Level 1:colcon.colcon_core.package_identification:_identify(.) by extensions ['ros']
[8.030s] Level 1:colcon.colcon_core.package_identification:_identify(.) by extension 'ros'
[8.158s] Level 1:colcon.colcon_core.package_identification:_identify(.) by extensions ['cmake', 'python']
[8.159s] Level 1:colcon.colcon_core.package_identification:_identify(.) by extension 'cmake'
[8.159s] Level 1:colcon.colcon_core.package_identification:_identify(.) by extension 'python'
[8.160s] Level 1:colcon.colcon_core.package_identification:_identify(.) by extensions ['python_setup_py']
[8.160s] Level 1:colcon.colcon_core.package_identification:_identify(.) by extension 'python_setup_py'
[8.161s] Level 1:colcon.colcon_core.package_identification:_identify(build) by extensions ['ignore', 'ignore_ament_install']
[8.162s] Level 1:colcon.colcon_core.package_identification:_identify(build) by extension 'ignore'
[8.163s] Level 1:colcon.colcon_core.package_identification:_identify(build) ignored
[8.164s] Level 1:colcon.colcon_core.package_identification:_identify(install) by extensions ['ignore', 'ignore_ament_install']
[8.165s] Level 1:colcon.colcon_core.package_identification:_identify(install) by extension 'ignore'
[8.165s] Level 1:colcon.colcon_core.package_identification:_identify(install) ignored
[8.166s] Level 1:colcon.colcon_core.package_identification:_identify(log) by extensions ['ignore', 'ignore_ament_install']
[8.167s] Level 1:colcon.colcon_core.package_identification:_identify(log) by extension 'ignore'
[8.167s] Level 1:colcon.colcon_core.package_identification:_identify(log) ignored
[8.168s] Level 1:colcon.colcon_core.package_identification:_identify(src) by extensions ['ignore', 'ignore_ament_install']
[8.169s] Level 1:colcon.colcon_core.package_identification:_identify(src) by extension 'ignore'
[8.169s] Level 1:colcon.colcon_core.package_identification:_identify(src) by extension 'ignore_ament_install'
[8.170s] Level 1:colcon.colcon_core.package_identification:_identify(src) by extensions ['colcon_pkg']
[8.170s] Level 1:colcon.colcon_core.package_identification:_identify(src) by extension 'colcon_pkg'
[8.171s] Level 1:colcon.colcon_core.package_identification:_identify(src) by extensions ['colcon_meta']
[8.172s] Level 1:colcon.colcon_core.package_identification:_identify(src) by extension 'colcon_meta'
[8.172s] Level 1:colcon.colcon_core.package_identification:_identify(src) by extensions ['ros']
[8.172s] Level 1:colcon.colcon_core.package_identification:_identify(src) by extension 'ros'
[8.173s] Level 1:colcon.colcon_core.package_identification:_identify(src) by extensions ['cmake', 'python']
[8.174s] Level 1:colcon.colcon_core.package_identification:_identify(src) by extension 'cmake'
[8.174s] Level 1:colcon.colcon_core.package_identification:_identify(src) by extension 'python'
[8.175s] Level 1:colcon.colcon_core.package_identification:_identify(src) by extensions ['python_setup_py']
[8.175s] Level 1:colcon.colcon_core.package_identification:_identify(src) by extension 'python_setup_py'
[8.180s] Level 1:colcon.colcon_core.package_identification:_identify(src/cpp_pubsub) by extensions ['ignore', 'ignore_ament_install']
[8.180s] Level 1:colcon.colcon_core.package_identification:_identify(src/cpp_pubsub) by extension 'ignore'
[8.181s] Level 1:colcon.colcon_core.package_identification:_identify(src/cpp_pubsub) by extension 'ignore_ament_install'
[8.182s] Level 1:colcon.colcon_core.package_identification:_identify(src/cpp_pubsub) by extensions ['colcon_pkg']
[8.182s] Level 1:colcon.colcon_core.package_identification:_identify(src/cpp_pubsub) by extension 'colcon_pkg'
[8.183s] Level 1:colcon.colcon_core.package_identification:_identify(src/cpp_pubsub) by extensions ['colcon_meta']
[8.183s] Level 1:colcon.colcon_core.package_identification:_identify(src/cpp_pubsub) by extension 'colcon_meta'
[8.184s] Level 1:colcon.colcon_core.package_identification:_identify(src/cpp_pubsub) by extensions ['ros']
[8.184s] Level 1:colcon.colcon_core.package_identification:_identify(src/cpp_pubsub) by extension 'ros'
[8.200s] DEBUG:colcon.colcon_core.package_identification:Package 'src/cpp_pubsub' with type 'ros.ament_cmake' and name 'cpp_pubsub'
[8.201s] Level 1:colcon.colcon_core.package_discovery:discover_packages(recursive) using defaults
[8.201s] Level 1:colcon.colcon_core.package_discovery:discover_packages(ignore) discover
[8.201s] Level 1:colcon.colcon_core.package_discovery:discover_packages(ignore) using defaults
[8.201s] Level 1:colcon.colcon_core.package_discovery:discover_packages(path) discover
[8.201s] Level 1:colcon.colcon_core.package_discovery:discover_packages(path) using defaults
[8.425s] Level 1:colcon.colcon_core.package_discovery:discover_packages(prefix_path) check parameters
[8.425s] Level 1:colcon.colcon_core.package_discovery:discover_packages(prefix_path) discover
[8.473s] DEBUG:colcon.colcon_installed_package_information.package_discovery:Found 270 installed packages in /opt/ros/humble
[8.483s] Level 1:colcon.colcon_core.package_discovery:discover_packages(prefix_path) using defaults
[8.973s] Level 5:colcon.colcon_core.verb:set package 'cpp_pubsub' build argument 'cmake_args' from command line to 'None'
[8.974s] Level 5:colcon.colcon_core.verb:set package 'cpp_pubsub' build argument 'cmake_target' from command line to 'None'
[8.974s] Level 5:colcon.colcon_core.verb:set package 'cpp_pubsub' build argument 'cmake_target_skip_unavailable' from command line to 'False'
[8.974s] Level 5:colcon.colcon_core.verb:set package 'cpp_pubsub' build argument 'cmake_clean_cache' from command line to 'False'
[8.974s] Level 5:colcon.colcon_core.verb:set package 'cpp_pubsub' build argument 'cmake_clean_first' from command line to 'False'
[8.975s] Level 5:colcon.colcon_core.verb:set package 'cpp_pubsub' build argument 'cmake_force_configure' from command line to 'False'
[8.975s] Level 5:colcon.colcon_core.verb:set package 'cpp_pubsub' build argument 'ament_cmake_args' from command line to 'None'
[8.975s] Level 5:colcon.colcon_core.verb:set package 'cpp_pubsub' build argument 'catkin_cmake_args' from command line to 'None'
[8.976s] Level 5:colcon.colcon_core.verb:set package 'cpp_pubsub' build argument 'catkin_skip_building_tests' from command line to 'False'
[8.976s] DEBUG:colcon.colcon_core.verb:Building package 'cpp_pubsub' with the following arguments: {'ament_cmake_args': None, 'build_base': '/home/robots16/ros2_ws/build/cpp_pubsub', 'catkin_cmake_args': None, 'catkin_skip_building_tests': False, 'cmake_args': None, 'cmake_clean_cache': False, 'cmake_clean_first': False, 'cmake_force_configure': False, 'cmake_target': None, 'cmake_target_skip_unavailable': False, 'install_base': '/home/robots16/ros2_ws/install/cpp_pubsub', 'merge_install': False, 'path': '/home/robots16/ros2_ws/src/cpp_pubsub', 'symlink_install': True, 'test_result_base': None}
[8.980s] INFO:colcon.colcon_core.executor:Executing jobs using 'parallel' executor
[9.002s] DEBUG:colcon.colcon_parallel_executor.executor.parallel:run_until_complete
[9.003s] INFO:colcon.colcon_ros.task.ament_cmake.build:Building ROS package in '/home/robots16/ros2_ws/src/cpp_pubsub' with build type 'ament_cmake'
[9.004s] INFO:colcon.colcon_cmake.task.cmake.build:Building CMake package in '/home/robots16/ros2_ws/src/cpp_pubsub'
[9.495s] INFO:colcon.colcon_core.plugin_system:Skipping extension 'colcon_core.shell.bat': Not used on non-Windows systems
[9.496s] INFO:colcon.colcon_core.shell:Skip shell extension 'powershell' for command environment: Not usable outside of PowerShell
[9.496s] DEBUG:colcon.colcon_core.shell:Skip shell extension 'dsv' for command environment
[9.615s] DEBUG:colcon.colcon_core.event_handler.log_command:Invoking command in '/home/robots16/ros2_ws/build/cpp_pubsub': CMAKE_PREFIX_PATH=/opt/ros/humble /usr/bin/cmake /home/robots16/ros2_ws/src/cpp_pubsub -DAMENT_CMAKE_SYMLINK_INSTALL=1 -DCMAKE_INSTALL_PREFIX=/home/robots16/ros2_ws/install/cpp_pubsub
[15.377s] DEBUG:colcon.colcon_core.event_handler.log_command:Invoked command in '/home/robots16/ros2_ws/build/cpp_pubsub' returned '0': CMAKE_PREFIX_PATH=/opt/ros/humble /usr/bin/cmake /home/robots16/ros2_ws/src/cpp_pubsub -DAMENT_CMAKE_SYMLINK_INSTALL=1 -DCMAKE_INSTALL_PREFIX=/home/robots16/ros2_ws/install/cpp_pubsub
[15.388s] DEBUG:colcon.colcon_core.event_handler.log_command:Invoking command in '/home/robots16/ros2_ws/build/cpp_pubsub': CMAKE_PREFIX_PATH=/opt/ros/humble /usr/bin/cmake --build /home/robots16/ros2_ws/build/cpp_pubsub -- -j4 -l4
[18.768s] DEBUG:colcon.colcon_core.event_handler.log_command:Invoked command in '/home/robots16/ros2_ws/build/cpp_pubsub' returned '0': CMAKE_PREFIX_PATH=/opt/ros/humble /usr/bin/cmake --build /home/robots16/ros2_ws/build/cpp_pubsub -- -j4 -l4
[18.965s] DEBUG:colcon.colcon_core.event_handler.log_command:Invoking command in '/home/robots16/ros2_ws/build/cpp_pubsub': CMAKE_PREFIX_PATH=/opt/ros/humble /usr/bin/cmake --install /home/robots16/ros2_ws/build/cpp_pubsub
[19.818s] Level 1:colcon.colcon_core.environment:create_environment_scripts_only(cpp_pubsub)
[19.823s] DEBUG:colcon.colcon_core.event_handler.log_command:Invoked command in '/home/robots16/ros2_ws/build/cpp_pubsub' returned '0': CMAKE_PREFIX_PATH=/opt/ros/humble /usr/bin/cmake --install /home/robots16/ros2_ws/build/cpp_pubsub
[19.849s] Level 1:colcon.colcon_core.environment:checking '/home/robots16/ros2_ws/install/cpp_pubsub' for CMake module files
[19.853s] Level 1:colcon.colcon_core.environment:checking '/home/robots16/ros2_ws/install/cpp_pubsub' for CMake config files
[19.856s] Level 1:colcon.colcon_core.shell:create_environment_hook('cpp_pubsub', 'cmake_prefix_path')
[19.864s] INFO:colcon.colcon_core.shell:Creating environment hook '/home/robots16/ros2_ws/install/cpp_pubsub/share/cpp_pubsub/hook/cmake_prefix_path.ps1'
[19.868s] INFO:colcon.colcon_core.shell:Creating environment descriptor '/home/robots16/ros2_ws/install/cpp_pubsub/share/cpp_pubsub/hook/cmake_prefix_path.dsv'
[19.871s] INFO:colcon.colcon_core.shell:Creating environment hook '/home/robots16/ros2_ws/install/cpp_pubsub/share/cpp_pubsub/hook/cmake_prefix_path.sh'
[19.876s] Level 1:colcon.colcon_core.environment:checking '/home/robots16/ros2_ws/install/cpp_pubsub/lib'
[19.877s] Level 1:colcon.colcon_core.environment:checking '/home/robots16/ros2_ws/install/cpp_pubsub/bin'
[19.878s] Level 1:colcon.colcon_core.environment:checking '/home/robots16/ros2_ws/install/cpp_pubsub/lib/pkgconfig/cpp_pubsub.pc'
[19.879s] Level 1:colcon.colcon_core.environment:checking '/home/robots16/ros2_ws/install/cpp_pubsub/lib/python3.10/site-packages'
[19.880s] Level 1:colcon.colcon_core.environment:checking '/home/robots16/ros2_ws/install/cpp_pubsub/bin'
[19.888s] INFO:colcon.colcon_core.shell:Creating package script '/home/robots16/ros2_ws/install/cpp_pubsub/share/cpp_pubsub/package.ps1'
[19.894s] INFO:colcon.colcon_core.shell:Creating package descriptor '/home/robots16/ros2_ws/install/cpp_pubsub/share/cpp_pubsub/package.dsv'
[19.897s] INFO:colcon.colcon_core.shell:Creating package script '/home/robots16/ros2_ws/install/cpp_pubsub/share/cpp_pubsub/package.sh'
[19.902s] INFO:colcon.colcon_core.shell:Creating package script '/home/robots16/ros2_ws/install/cpp_pubsub/share/cpp_pubsub/package.bash'
[19.907s] INFO:colcon.colcon_core.shell:Creating package script '/home/robots16/ros2_ws/install/cpp_pubsub/share/cpp_pubsub/package.zsh'
[19.911s] Level 1:colcon.colcon_core.environment:create_file_with_runtime_dependencies(/home/robots16/ros2_ws/install/cpp_pubsub/share/colcon-core/packages/cpp_pubsub)
[20.112s] Level 1:colcon.colcon_core.environment:create_environment_scripts_only(cpp_pubsub)
[20.122s] Level 1:colcon.colcon_core.environment:checking '/home/robots16/ros2_ws/install/cpp_pubsub' for CMake module files
[20.125s] Level 1:colcon.colcon_core.environment:checking '/home/robots16/ros2_ws/install/cpp_pubsub' for CMake config files
[20.128s] Level 1:colcon.colcon_core.shell:create_environment_hook('cpp_pubsub', 'cmake_prefix_path')
[20.136s] INFO:colcon.colcon_core.shell:Creating environment hook '/home/robots16/ros2_ws/install/cpp_pubsub/share/cpp_pubsub/hook/cmake_prefix_path.ps1'
[20.139s] INFO:colcon.colcon_core.shell:Creating environment descriptor '/home/robots16/ros2_ws/install/cpp_pubsub/share/cpp_pubsub/hook/cmake_prefix_path.dsv'
[20.142s] INFO:colcon.colcon_core.shell:Creating environment hook '/home/robots16/ros2_ws/install/cpp_pubsub/share/cpp_pubsub/hook/cmake_prefix_path.sh'
[20.145s] Level 1:colcon.colcon_core.environment:checking '/home/robots16/ros2_ws/install/cpp_pubsub/lib'
[20.146s] Level 1:colcon.colcon_core.environment:checking '/home/robots16/ros2_ws/install/cpp_pubsub/bin'
[20.146s] Level 1:colcon.colcon_core.environment:checking '/home/robots16/ros2_ws/install/cpp_pubsub/lib/pkgconfig/cpp_pubsub.pc'
[20.149s] Level 1:colcon.colcon_core.environment:checking '/home/robots16/ros2_ws/install/cpp_pubsub/lib/python3.10/site-packages'
[20.151s] Level 1:colcon.colcon_core.environment:checking '/home/robots16/ros2_ws/install/cpp_pubsub/bin'
[20.158s] INFO:colcon.colcon_core.shell:Creating package script '/home/robots16/ros2_ws/install/cpp_pubsub/share/cpp_pubsub/package.ps1'
[20.161s] INFO:colcon.colcon_core.shell:Creating package descriptor '/home/robots16/ros2_ws/install/cpp_pubsub/share/cpp_pubsub/package.dsv'
[20.166s] INFO:colcon.colcon_core.shell:Creating package script '/home/robots16/ros2_ws/install/cpp_pubsub/share/cpp_pubsub/package.sh'
[20.171s] INFO:colcon.colcon_core.shell:Creating package script '/home/robots16/ros2_ws/install/cpp_pubsub/share/cpp_pubsub/package.bash'
[20.174s] INFO:colcon.colcon_core.shell:Creating package script '/home/robots16/ros2_ws/install/cpp_pubsub/share/cpp_pubsub/package.zsh'
[20.177s] Level 1:colcon.colcon_core.environment:create_file_with_runtime_dependencies(/home/robots16/ros2_ws/install/cpp_pubsub/share/colcon-core/packages/cpp_pubsub)
[20.179s] DEBUG:colcon.colcon_parallel_executor.executor.parallel:closing loop
[20.180s] DEBUG:colcon.colcon_parallel_executor.executor.parallel:loop closed
[20.181s] DEBUG:colcon.colcon_parallel_executor.executor.parallel:run_until_complete finished with '0'
[20.181s] DEBUG:colcon.colcon_core.event_reactor:joining thread
[20.224s] INFO:colcon.colcon_core.plugin_system:Skipping extension 'colcon_notification.desktop_notification.terminal_notifier': Not used on non-Darwin systems
[20.224s] INFO:colcon.colcon_core.plugin_system:Skipping extension 'colcon_notification.desktop_notification.win32': Not used on non-Windows systems
[20.225s] INFO:colcon.colcon_notification.desktop_notification:Sending desktop notification using 'notify2'
[20.304s] DEBUG:colcon.colcon_core.event_reactor:joined thread
[20.313s] INFO:colcon.colcon_core.shell:Creating prefix script '/home/robots16/ros2_ws/install/local_setup.ps1'
[20.320s] INFO:colcon.colcon_core.shell:Creating prefix util module '/home/robots16/ros2_ws/install/_local_setup_util_ps1.py'
[20.328s] INFO:colcon.colcon_core.shell:Creating prefix chain script '/home/robots16/ros2_ws/install/setup.ps1'
[20.342s] INFO:colcon.colcon_core.shell:Creating prefix script '/home/robots16/ros2_ws/install/local_setup.sh'
[20.346s] INFO:colcon.colcon_core.shell:Creating prefix util module '/home/robots16/ros2_ws/install/_local_setup_util_sh.py'
[20.351s] INFO:colcon.colcon_core.shell:Creating prefix chain script '/home/robots16/ros2_ws/install/setup.sh'
[20.362s] INFO:colcon.colcon_core.shell:Creating prefix script '/home/robots16/ros2_ws/install/local_setup.bash'
[20.368s] INFO:colcon.colcon_core.shell:Creating prefix chain script '/home/robots16/ros2_ws/install/setup.bash'
[20.375s] INFO:colcon.colcon_core.shell:Creating prefix script '/home/robots16/ros2_ws/install/local_setup.zsh'
[20.378s] INFO:colcon.colcon_core.shell:Creating prefix chain script '/home/robots16/ros2_ws/install/setup.zsh'
