[0.065s] Invoking command in '/home/robots16/ros2_ws/build/cpp_pubsub': CMAKE_PREFIX_PATH=/opt/ros/humble /usr/bin/cmake /home/robots16/ros2_ws/src/cpp_pubsub -DCMAKE_INSTALL_PREFIX=/home/robots16/ros2_ws/install/cpp_pubsub
[1.256s] -- The C compiler identification is GNU 11.2.0
[2.099s] -- The CXX compiler identification is GNU 11.2.0
[2.158s] -- Detecting C compiler ABI info
[4.655s] -- Detecting C compiler ABI info - done
[4.684s] -- Check for working C compiler: /usr/bin/cc - skipped
[6.122s] -- Detecting C compile features
[6.850s] -- Detecting C compile features - done
[6.886s] -- Detecting CXX compiler ABI info
[7.567s] -- Detecting CXX compiler ABI info - done
[7.596s] -- Check for working CXX compiler: /usr/bin/c++ - skipped
[7.597s] -- Detecting CXX compile features
[7.598s] -- Detecting CXX compile features - done
[7.621s] -- Found ament_cmake: 1.3.2 (/opt/ros/humble/share/ament_cmake/cmake)
[8.476s] -- Found Python3: /usr/bin/python3.10 (found version "3.10.4") found components: Interpreter 
[9.032s] -- Found rclcpp: 16.0.1 (/opt/ros/humble/share/rclcpp/cmake)
[9.445s] -- Found rosidl_generator_c: 3.1.3 (/opt/ros/humble/share/rosidl_generator_c/cmake)
[9.488s] -- Found rosidl_adapter: 3.1.3 (/opt/ros/humble/share/rosidl_adapter/cmake)
[9.547s] -- Found rosidl_generator_cpp: 3.1.3 (/opt/ros/humble/share/rosidl_generator_cpp/cmake)
[9.654s] -- Using all available rosidl_typesupport_c: rosidl_typesupport_fastrtps_c;rosidl_typesupport_introspection_c
[9.861s] -- Using all available rosidl_typesupport_cpp: rosidl_typesupport_fastrtps_cpp;rosidl_typesupport_introspection_cpp
[10.861s] -- Found rmw_implementation_cmake: 6.1.0 (/opt/ros/humble/share/rmw_implementation_cmake/cmake)
[10.892s] -- Found rmw_fastrtps_cpp: 6.2.1 (/opt/ros/humble/share/rmw_fastrtps_cpp/cmake)
[11.589s] -- Found OpenSSL: /usr/lib/aarch64-linux-gnu/libcrypto.so (found version "3.0.2")  
[11.849s] -- Found FastRTPS: /opt/ros/humble/include  
[12.345s] -- Using RMW implementation 'rmw_fastrtps_cpp' as default
[18.124s] -- Found ament_lint_auto: 0.12.4 (/opt/ros/humble/share/ament_lint_auto/cmake)
[18.580s] -- Added test 'cppcheck' to perform static code analysis on C / C++ code
[18.581s] -- Configured cppcheck include dirs: 
[18.581s] -- Configured cppcheck exclude dirs and/or files: 
[18.587s] -- Added test 'lint_cmake' to check CMake code style
[18.597s] -- Added test 'uncrustify' to check C / C++ code style
[18.598s] -- Configured uncrustify additional arguments: 
[18.601s] -- Added test 'xmllint' to check XML markup files
[18.608s] -- Configuring done
[18.675s] -- Generating done
[18.682s] -- Build files have been written to: /home/robots16/ros2_ws/build/cpp_pubsub
[18.716s] Invoked command in '/home/robots16/ros2_ws/build/cpp_pubsub' returned '0': CMAKE_PREFIX_PATH=/opt/ros/humble /usr/bin/cmake /home/robots16/ros2_ws/src/cpp_pubsub -DCMAKE_INSTALL_PREFIX=/home/robots16/ros2_ws/install/cpp_pubsub
[18.726s] Invoking command in '/home/robots16/ros2_ws/build/cpp_pubsub': CMAKE_PREFIX_PATH=/opt/ros/humble /usr/bin/cmake --build /home/robots16/ros2_ws/build/cpp_pubsub -- -j4 -l4
[18.944s] [ 50%] [32mBuilding CXX object CMakeFiles/listener.dir/src/subscriber_member_function.cpp.o[0m
[18.945s] [ 50%] [32mBuilding CXX object CMakeFiles/talker.dir/src/publisher_member_function.cpp.o[0m
[47.804s] [ 75%] [32m[1mLinking CXX executable talker[0m
[48.888s] [ 75%] Built target talker
[62.005s] [100%] [32m[1mLinking CXX executable listener[0m
[63.854s] [100%] Built target listener
[63.966s] Invoked command in '/home/robots16/ros2_ws/build/cpp_pubsub' returned '0': CMAKE_PREFIX_PATH=/opt/ros/humble /usr/bin/cmake --build /home/robots16/ros2_ws/build/cpp_pubsub -- -j4 -l4
[64.174s] Invoking command in '/home/robots16/ros2_ws/build/cpp_pubsub': CMAKE_PREFIX_PATH=/opt/ros/humble /usr/bin/cmake --install /home/robots16/ros2_ws/build/cpp_pubsub
[64.213s] -- Install configuration: ""
[64.217s] -- Installing: /home/robots16/ros2_ws/install/cpp_pubsub/lib/cpp_pubsub/talker
[64.231s] -- Set runtime path of "/home/robots16/ros2_ws/install/cpp_pubsub/lib/cpp_pubsub/talker" to ""
[64.232s] -- Installing: /home/robots16/ros2_ws/install/cpp_pubsub/lib/cpp_pubsub/listener
[64.260s] -- Set runtime path of "/home/robots16/ros2_ws/install/cpp_pubsub/lib/cpp_pubsub/listener" to ""
[64.261s] -- Installing: /home/robots16/ros2_ws/install/cpp_pubsub/share/ament_index/resource_index/package_run_dependencies/cpp_pubsub
[64.264s] -- Installing: /home/robots16/ros2_ws/install/cpp_pubsub/share/ament_index/resource_index/parent_prefix_path/cpp_pubsub
[64.266s] -- Installing: /home/robots16/ros2_ws/install/cpp_pubsub/share/cpp_pubsub/environment/ament_prefix_path.sh
[64.268s] -- Installing: /home/robots16/ros2_ws/install/cpp_pubsub/share/cpp_pubsub/environment/ament_prefix_path.dsv
[64.271s] -- Installing: /home/robots16/ros2_ws/install/cpp_pubsub/share/cpp_pubsub/environment/path.sh
[64.274s] -- Installing: /home/robots16/ros2_ws/install/cpp_pubsub/share/cpp_pubsub/environment/path.dsv
[64.276s] -- Installing: /home/robots16/ros2_ws/install/cpp_pubsub/share/cpp_pubsub/local_setup.bash
[64.278s] -- Installing: /home/robots16/ros2_ws/install/cpp_pubsub/share/cpp_pubsub/local_setup.sh
[64.282s] -- Installing: /home/robots16/ros2_ws/install/cpp_pubsub/share/cpp_pubsub/local_setup.zsh
[64.285s] -- Installing: /home/robots16/ros2_ws/install/cpp_pubsub/share/cpp_pubsub/local_setup.dsv
[64.287s] -- Installing: /home/robots16/ros2_ws/install/cpp_pubsub/share/cpp_pubsub/package.dsv
[64.290s] -- Installing: /home/robots16/ros2_ws/install/cpp_pubsub/share/ament_index/resource_index/packages/cpp_pubsub
[64.291s] -- Installing: /home/robots16/ros2_ws/install/cpp_pubsub/share/cpp_pubsub/cmake/cpp_pubsubConfig.cmake
[64.294s] -- Installing: /home/robots16/ros2_ws/install/cpp_pubsub/share/cpp_pubsub/cmake/cpp_pubsubConfig-version.cmake
[64.296s] -- Installing: /home/robots16/ros2_ws/install/cpp_pubsub/share/cpp_pubsub/package.xml
[64.310s] Invoked command in '/home/robots16/ros2_ws/build/cpp_pubsub' returned '0': CMAKE_PREFIX_PATH=/opt/ros/humble /usr/bin/cmake --install /home/robots16/ros2_ws/build/cpp_pubsub
